# JRE version: OpenJDK Runtime Environment Temurin-17.0.14+7 (17.0.14+7) (build 17.0.14+7)
# Java VM: OpenJDK 64-Bit Server VM Temurin-17.0.14+7 (17.0.14+7, mixed mode, sharing, tiered, compressed oops, compressed class ptrs, g1 gc, bsd-aarch64)
GC Precious Log:
 CPUs: 8 total, 8 available
 Memory: 24576M
 Large Page Support: Disabled
 NUMA Support: Disabled
 Compressed Oops: Enabled (Zero based)
 Heap Region Size: 4M
 Heap Min Capacity: 8M
 Heap Initial Capacity: 384M
 Heap Max Capacity: 6G
 Pre-touch: Disabled
 Parallel Workers: 8
 Concurrent Workers: 2
 Concurrent Refinement Workers: 8
 Periodic GC: Disabled
Heap:
 garbage-first heap   total 118784K, used 55773K [0x0000000680000000, 0x0000000800000000)
  region size 4096K, 5 young (20480K), 1 survivors (4096K)
 Metaspace       used 31941K, committed 32320K, reserved 1114112K
  class space    used 4028K, committed 4224K, reserved 1048576K
GC Heap History (12 events):
Event: 0.196 GC heap before
{Heap before GC invocations=0 (full 0):
 garbage-first heap   total 401408K, used 24480K [0x0000000680000000, 0x0000000800000000)
  region size 4096K, 5 young (20480K), 0 survivors (0K)
 Metaspace       used 5898K, committed 6016K, reserved 1114112K
  class space    used 713K, committed 768K, reserved 1048576K
}
Event: 0.198 GC heap after
{Heap after GC invocations=1 (full 0):
 garbage-first heap   total 401408K, used 8478K [0x0000000680000000, 0x0000000800000000)
  region size 4096K, 1 young (4096K), 1 survivors (4096K)
 Metaspace       used 5898K, committed 6016K, reserved 1114112K
  class space    used 713K, committed 768K, reserved 1048576K
}
Event: 0.302 GC heap before
{Heap before GC invocations=1 (full 0):
 garbage-first heap   total 401408K, used 24862K [0x0000000680000000, 0x0000000800000000)
  region size 4096K, 5 young (20480K), 1 survivors (4096K)
 Metaspace       used 9766K, committed 10048K, reserved 1114112K
  class space    used 1235K, committed 1344K, reserved 1048576K
}
Event: 0.303 GC heap after
{Heap after GC invocations=2 (full 0):
 garbage-first heap   total 401408K, used 9579K [0x0000000680000000, 0x0000000800000000)
  region size 4096K, 1 young (4096K), 1 survivors (4096K)
 Metaspace       used 9766K, committed 10048K, reserved 1114112K
  class space    used 1235K, committed 1344K, reserved 1048576K
}
Event: 0.524 GC heap before
{Heap before GC invocations=2 (full 0):
 garbage-first heap   total 401408K, used 54635K [0x0000000680000000, 0x0000000800000000)
  region size 4096K, 12 young (49152K), 1 survivors (4096K)
 Metaspace       used 18957K, committed 19264K, reserved 1114112K
  class space    used 2389K, committed 2560K, reserved 1048576K
}
Event: 0.527 GC heap after
{Heap after GC invocations=3 (full 0):
 garbage-first heap   total 401408K, used 13492K [0x0000000680000000, 0x0000000800000000)
  region size 4096K, 2 young (8192K), 2 survivors (8192K)
 Metaspace       used 18957K, committed 19264K, reserved 1114112K
  class space    used 2389K, committed 2560K, reserved 1048576K
}
Event: 0.601 GC heap before
{Heap before GC invocations=3 (full 0):
 garbage-first heap   total 401408K, used 25780K [0x0000000680000000, 0x0000000800000000)
  region size 4096K, 6 young (24576K), 2 survivors (8192K)
 Metaspace       used 21214K, committed 21504K, reserved 1114112K
  class space    used 2706K, committed 2880K, reserved 1048576K
}
Event: 0.602 GC heap after
{Heap after GC invocations=4 (full 0):
 garbage-first heap   total 401408K, used 14756K [0x0000000680000000, 0x0000000800000000)
  region size 4096K, 2 young (8192K), 2 survivors (8192K)
 Metaspace       used 21214K, committed 21504K, reserved 1114112K
  class space    used 2706K, committed 2880K, reserved 1048576K
}
Event: 0.825 GC heap before
{Heap before GC invocations=5 (full 0):
 garbage-first heap   total 98304K, used 63908K [0x0000000680000000, 0x0000000800000000)
  region size 4096K, 15 young (61440K), 2 survivors (8192K)
 Metaspace       used 27873K, committed 28224K, reserved 1114112K
  class space    used 3582K, committed 3712K, reserved 1048576K
}
Event: 0.828 GC heap after
{Heap after GC invocations=6 (full 0):
 garbage-first heap   total 98304K, used 17817K [0x0000000680000000, 0x0000000800000000)
  region size 4096K, 3 young (12288K), 3 survivors (12288K)
 Metaspace       used 27873K, committed 28224K, reserved 1114112K
  class space    used 3582K, committed 3712K, reserved 1048576K
}
Event: 82.758 GC heap before
{Heap before GC invocations=6 (full 0):
 garbage-first heap   total 98304K, used 17817K [0x0000000680000000, 0x0000000800000000)
  region size 4096K, 4 young (16384K), 3 survivors (12288K)
 Metaspace       used 28538K, committed 28928K, reserved 1114112K
  class space    used 3663K, committed 3840K, reserved 1048576K
}
Event: 82.763 GC heap after
{Heap after GC invocations=7 (full 0):
 garbage-first heap   total 118784K, used 18909K [0x0000000680000000, 0x0000000800000000)
  region size 4096K, 1 young (4096K), 1 survivors (4096K)
 Metaspace       used 28538K, committed 28928K, reserved 1114112K
  class space    used 3663K, committed 3840K, reserved 1048576K
}

