# JRE version: OpenJDK Runtime Environment Temurin-17.0.14+7 (17.0.14+7) (build 17.0.14+7)
# Java VM: OpenJDK 64-Bit Server VM Temurin-17.0.14+7 (17.0.14+7, mixed mode, sharing, tiered, compressed oops, compressed class ptrs, g1 gc, bsd-aarch64)
GC Precious Log:
 CPUs: 8 total, 8 available
 Memory: 24576M
 Large Page Support: Disabled
 NUMA Support: Disabled
 Compressed Oops: Enabled (Zero based)
 Heap Region Size: 4M
 Heap Min Capacity: 8M
 Heap Initial Capacity: 384M
 Heap Max Capacity: 6G
 Pre-touch: Disabled
 Parallel Workers: 8
 Concurrent Workers: 2
 Concurrent Refinement Workers: 8
 Periodic GC: Disabled
Heap:
 garbage-first heap   total 98304K, used 42839K [0x0000000680000000, 0x0000000800000000)
  region size 4096K, 2 young (8192K), 1 survivors (4096K)
 Metaspace       used 31806K, committed 32128K, reserved 1114112K
  class space    used 4011K, committed 4160K, reserved 1048576K
GC Heap History (14 events):
Event: 0.171 GC heap before
{Heap before GC invocations=0 (full 0):
 garbage-first heap   total 401408K, used 24480K [0x0000000680000000, 0x0000000800000000)
  region size 4096K, 5 young (20480K), 0 survivors (0K)
 Metaspace       used 5886K, committed 6080K, reserved 1114112K
  class space    used 709K, committed 768K, reserved 1048576K
}
Event: 0.173 GC heap after
{Heap after GC invocations=1 (full 0):
 garbage-first heap   total 401408K, used 8426K [0x0000000680000000, 0x0000000800000000)
  region size 4096K, 1 young (4096K), 1 survivors (4096K)
 Metaspace       used 5886K, committed 6080K, reserved 1114112K
  class space    used 709K, committed 768K, reserved 1048576K
}
Event: 0.274 GC heap before
{Heap before GC invocations=1 (full 0):
 garbage-first heap   total 401408K, used 20714K [0x0000000680000000, 0x0000000800000000)
  region size 4096K, 5 young (20480K), 1 survivors (4096K)
 Metaspace       used 9746K, committed 9984K, reserved 1114112K
  class space    used 1231K, committed 1344K, reserved 1048576K
}
Event: 0.275 GC heap after
{Heap after GC invocations=2 (full 0):
 garbage-first heap   total 401408K, used 9646K [0x0000000680000000, 0x0000000800000000)
  region size 4096K, 1 young (4096K), 1 survivors (4096K)
 Metaspace       used 9746K, committed 9984K, reserved 1114112K
  class space    used 1231K, committed 1344K, reserved 1048576K
}
Event: 0.474 GC heap before
{Heap before GC invocations=2 (full 0):
 garbage-first heap   total 401408K, used 50606K [0x0000000680000000, 0x0000000800000000)
  region size 4096K, 12 young (49152K), 1 survivors (4096K)
 Metaspace       used 18741K, committed 19008K, reserved 1114112K
  class space    used 2361K, committed 2496K, reserved 1048576K
}
Event: 0.476 GC heap after
{Heap after GC invocations=3 (full 0):
 garbage-first heap   total 401408K, used 13393K [0x0000000680000000, 0x0000000800000000)
  region size 4096K, 2 young (8192K), 2 survivors (8192K)
 Metaspace       used 18741K, committed 19008K, reserved 1114112K
  class space    used 2361K, committed 2496K, reserved 1048576K
}
Event: 0.545 GC heap before
{Heap before GC invocations=3 (full 0):
 garbage-first heap   total 401408K, used 25681K [0x0000000680000000, 0x0000000800000000)
  region size 4096K, 6 young (24576K), 2 survivors (8192K)
 Metaspace       used 21170K, committed 21504K, reserved 1114112K
  class space    used 2694K, committed 2880K, reserved 1048576K
}
Event: 0.547 GC heap after
{Heap after GC invocations=4 (full 0):
 garbage-first heap   total 401408K, used 14935K [0x0000000680000000, 0x0000000800000000)
  region size 4096K, 2 young (8192K), 2 survivors (8192K)
 Metaspace       used 21170K, committed 21504K, reserved 1114112K
  class space    used 2694K, committed 2880K, reserved 1048576K
}
Event: 0.721 GC heap before
{Heap before GC invocations=5 (full 0):
 garbage-first heap   total 98304K, used 68183K [0x0000000680000000, 0x0000000800000000)
  region size 4096K, 16 young (65536K), 2 survivors (8192K)
 Metaspace       used 27677K, committed 28032K, reserved 1114112K
  class space    used 3545K, committed 3712K, reserved 1048576K
}
Event: 0.723 GC heap after
{Heap after GC invocations=6 (full 0):
 garbage-first heap   total 98304K, used 18110K [0x0000000680000000, 0x0000000800000000)
  region size 4096K, 3 young (12288K), 3 survivors (12288K)
 Metaspace       used 27677K, committed 28032K, reserved 1114112K
  class space    used 3545K, committed 3712K, reserved 1048576K
}
Event: 36.545 GC heap before
{Heap before GC invocations=6 (full 0):
 garbage-first heap   total 98304K, used 22206K [0x0000000680000000, 0x0000000800000000)
  region size 4096K, 4 young (16384K), 3 survivors (12288K)
 Metaspace       used 28338K, committed 28672K, reserved 1114112K
  class space    used 3632K, committed 3776K, reserved 1048576K
}
Event: 36.551 GC heap after
{Heap after GC invocations=7 (full 0):
 garbage-first heap   total 98304K, used 18812K [0x0000000680000000, 0x0000000800000000)
  region size 4096K, 1 young (4096K), 1 survivors (4096K)
 Metaspace       used 28338K, committed 28672K, reserved 1114112K
  class space    used 3632K, committed 3776K, reserved 1048576K
}
Event: 38.360 GC heap before
{Heap before GC invocations=7 (full 0):
 garbage-first heap   total 98304K, used 47484K [0x0000000680000000, 0x0000000800000000)
  region size 4096K, 5 young (20480K), 1 survivors (4096K)
 Metaspace       used 31803K, committed 32128K, reserved 1114112K
  class space    used 4010K, committed 4160K, reserved 1048576K
}
Event: 38.362 GC heap after
{Heap after GC invocations=8 (full 0):
 garbage-first heap   total 98304K, used 34647K [0x0000000680000000, 0x0000000800000000)
  region size 4096K, 1 young (4096K), 1 survivors (4096K)
 Metaspace       used 31803K, committed 32128K, reserved 1114112K
  class space    used 4010K, committed 4160K, reserved 1048576K
}

